#
# There is insufficient memory for the Java Runtime Environment to continue.
# Native memory allocation (malloc) failed to allocate 1280016 bytes for Chunk::new
# Possible reasons:
#   The system is out of physical RAM or swap space
#   The process is running with CompressedOops enabled, and the Java Heap may be blocking the growth of the native heap
# Possible solutions:
#   Reduce memory load on the system
#   Increase physical memory or swap space
#   Check if swap backing store is full
#   Decrease Java heap size (-Xmx/-Xms)
#   Decrease number of Java threads
#   Decrease Java thread stack sizes (-Xss)
#   Set larger code cache with -XX:ReservedCodeCacheSize=
#   JVM is running with Unscaled Compressed Oops mode in which the Java heap is
#     placed in the first 4GB address space. The Java Heap base address is the
#     maximum limit for the native heap growth. Please use -XX:HeapBaseMinAddress
#     to set the Java Heap base and to place the Java Heap above 4GB virtual address.
# This output file may be truncated or incomplete.
#
#  Out of Memory Error (./src/hotspot/share/memory/arena.cpp:197), pid=13512, tid=7204
#
# JRE version: OpenJDK Runtime Environment (11.0.11+9) (build 11.0.11+9-b60-7590822)
# Java VM: OpenJDK 64-Bit Server VM (11.0.11+9-b60-7590822, mixed mode, tiered, compressed oops, g1 gc, windows-amd64)
# No core dump will be written. Minidumps are not enabled by default on client versions of Windows
#

---------------  S U M M A R Y ------------

Command Line: --add-opens=java.base/java.util=ALL-UNNAMED --add-opens=java.base/java.lang=ALL-UNNAMED --add-opens=java.base/java.lang.invoke=ALL-UNNAMED --add-opens=java.base/java.util=ALL-UNNAMED --add-opens=java.prefs/java.util.prefs=ALL-UNNAMED --add-opens=java.prefs/java.util.prefs=ALL-UNNAMED --add-opens=java.base/java.nio.charset=ALL-UNNAMED --add-opens=java.base/java.net=ALL-UNNAMED --add-opens=java.base/java.util.concurrent.atomic=ALL-UNNAMED -Xmx2048m -Dfile.encoding=UTF-8 -Duser.country=US -Duser.language=en -Duser.variant org.gradle.launcher.daemon.bootstrap.GradleDaemon 7.2

Host: 11th Gen Intel(R) Core(TM) i3-1115G4 @ 3.00GHz, 4 cores, 7G,  Windows 10 , 64 bit Build 22000 (10.0.22000.613)
Time: Wed Apr 27 14:26:56 2022 SE Asia Standard Time elapsed time: 15.377406 seconds (0d 0h 0m 15s)

---------------  T H R E A D  ---------------

Current thread (0x000002d8fea93800):  JavaThread "C2 CompilerThread0" daemon [_thread_in_native, id=7204, stack(0x000000f321e00000,0x000000f321f00000)]


Current CompileTask:
C2:  15377 6880   !   4       com.google.common.reflect.TypeVisitor::visit (244 bytes)

Stack: [0x000000f321e00000,0x000000f321f00000]
Native frames: (J=compiled Java code, j=interpreted, Vv=VM code, C=native code)
V  [jvm.dll+0x5f214a]
V  [jvm.dll+0x726fb5]
V  [jvm.dll+0x7285cd]
V  [jvm.dll+0x728c83]
V  [jvm.dll+0x243278]
V  [jvm.dll+0xbc53c]
V  [jvm.dll+0xbca3c]
V  [jvm.dll+0x353e3b]
V  [jvm.dll+0x19875c]
V  [jvm.dll+0x1fc2ee]
V  [jvm.dll+0x1fb3d4]
V  [jvm.dll+0x183d6c]
V  [jvm.dll+0x209a57]
V  [jvm.dll+0x2082a1]
V  [jvm.dll+0x6ef58f]
V  [jvm.dll+0x6e80b5]
V  [jvm.dll+0x5f1036]
C  [ucrtbase.dll+0x26c0c]
C  [KERNEL32.DLL+0x154e0]
C  [ntdll.dll+0x485b]


---------------  P R O C E S S  ---------------

Threads class SMR info:
_java_thread_list=0x000002d89cdbb490, length=77, elements={
0x000002d8fd8af800, 0x000002d8fea72800, 0x000002d8fea7c800, 0x000002d8ff402800,
0x000002d8fea8f000, 0x000002d8fea90000, 0x000002d8fea93800, 0x000002d8fea97000,
0x000002d8feaa1800, 0x000002d8ff541800, 0x000002d899552000, 0x000002d8995d6000,
0x000002d898ffb800, 0x000002d898d5a000, 0x000002d89a14c800, 0x000002d898e4b800,
0x000002d89a20b000, 0x000002d89a20e000, 0x000002d89a20f000, 0x000002d89a20b800,
0x000002d89a210000, 0x000002d89a20c800, 0x000002d89a210800, 0x000002d89a211800,
0x000002d89a20d800, 0x000002d89bf82000, 0x000002d89bf80800, 0x000002d89bf83000,
0x000002d89bf87000, 0x000002d89bf83800, 0x000002d89bf84800, 0x000002d89bf85800,
0x000002d89bf86000, 0x000002d89bf81000, 0x000002d89bf89800, 0x000002d89bf8c800,
0x000002d89bf8b000, 0x000002d89bf8c000, 0x000002d89bf8d800, 0x000002d89bf88800,
0x000002d89bf8f000, 0x000002d89a3d8000, 0x000002d89a3d9800, 0x000002d89a3db800,
0x000002d89a3dc000, 0x000002d89a3da800, 0x000002d89a3d6800, 0x000002d89a3d7800,
0x000002d89a3dd000, 0x000002d89a3de000, 0x000002d89a3de800, 0x000002d89a3d9000,
0x000002d89a3e3800, 0x000002d89a3e4800, 0x000002d89a3e2800, 0x000002d89a3e2000,
0x000002d89a3e5000, 0x000002d89a3df800, 0x000002d89a3e0000, 0x000002d89a3e1000,
0x000002d89973a000, 0x000002d89973f000, 0x000002d89973d000, 0x000002d89973c800,
0x000002d89973b800, 0x000002d89973e000, 0x000002d89973a800, 0x000002d899739000,
0x000002d89973f800, 0x000002d899740800, 0x000002d899743800, 0x000002d899743000,
0x000002d899742000, 0x000002d899745800, 0x000002d899744800, 0x000002d899746000,
0x000002d899747000
}

Java Threads: ( => current thread )
  0x000002d8fd8af800 JavaThread "main" [_thread_blocked, id=6852, stack(0x000000f321200000,0x000000f321300000)]
  0x000002d8fea72800 JavaThread "Reference Handler" daemon [_thread_blocked, id=10972, stack(0x000000f321900000,0x000000f321a00000)]
  0x000002d8fea7c800 JavaThread "Finalizer" daemon [_thread_blocked, id=5468, stack(0x000000f321a00000,0x000000f321b00000)]
  0x000002d8ff402800 JavaThread "Signal Dispatcher" daemon [_thread_blocked, id=10540, stack(0x000000f321b00000,0x000000f321c00000)]
  0x000002d8fea8f000 JavaThread "Attach Listener" daemon [_thread_blocked, id=12796, stack(0x000000f321c00000,0x000000f321d00000)]
  0x000002d8fea90000 JavaThread "Service Thread" daemon [_thread_blocked, id=12336, stack(0x000000f321d00000,0x000000f321e00000)]
=>0x000002d8fea93800 JavaThread "C2 CompilerThread0" daemon [_thread_in_native, id=7204, stack(0x000000f321e00000,0x000000f321f00000)]
  0x000002d8fea97000 JavaThread "C1 CompilerThread0" daemon [_thread_in_native, id=11332, stack(0x000000f321f00000,0x000000f322000000)]
  0x000002d8feaa1800 JavaThread "Sweeper thread" daemon [_thread_blocked, id=13792, stack(0x000000f322000000,0x000000f322100000)]
  0x000002d8ff541800 JavaThread "Common-Cleaner" daemon [_thread_blocked, id=11884, stack(0x000000f322100000,0x000000f322200000)]
  0x000002d899552000 JavaThread "Daemon health stats" [_thread_blocked, id=13784, stack(0x000000f322500000,0x000000f322600000)]
  0x000002d8995d6000 JavaThread "Incoming local TCP Connector on port 52049" [_thread_in_native, id=11628, stack(0x000000f322300000,0x000000f322400000)]
  0x000002d898ffb800 JavaThread "Daemon periodic checks" [_thread_blocked, id=13604, stack(0x000000f322600000,0x000000f322700000)]
  0x000002d898d5a000 JavaThread "Daemon" [_thread_blocked, id=7752, stack(0x000000f322700000,0x000000f322800000)]
  0x000002d89a14c800 JavaThread "Handler for socket connection from /127.0.0.1:52049 to /127.0.0.1:52050" [_thread_in_native, id=8452, stack(0x000000f322800000,0x000000f322900000)]
  0x000002d898e4b800 JavaThread "Cancel handler" [_thread_blocked, id=10564, stack(0x000000f322900000,0x000000f322a00000)]
  0x000002d89a20b000 JavaThread "Daemon worker" [_thread_in_Java, id=10656, stack(0x000000f322a00000,0x000000f322b00000)]
  0x000002d89a20e000 JavaThread "Asynchronous log dispatcher for DefaultDaemonConnection: socket connection from /127.0.0.1:52049 to /127.0.0.1:52050" [_thread_blocked, id=3404, stack(0x000000f322b00000,0x000000f322c00000)]
  0x000002d89a20f000 JavaThread "Stdin handler" [_thread_blocked, id=5572, stack(0x000000f322c00000,0x000000f322d00000)]
  0x000002d89a20b800 JavaThread "Daemon client event forwarder" [_thread_blocked, id=5436, stack(0x000000f322d00000,0x000000f322e00000)]
  0x000002d89a210000 JavaThread "Cache worker for journal cache (C:\Users\dohoa\.gradle\caches\journal-1)" [_thread_blocked, id=5324, stack(0x000000f323000000,0x000000f323100000)]
  0x000002d89a20c800 JavaThread "File lock request listener" [_thread_in_native, id=11992, stack(0x000000f323100000,0x000000f323200000)]
  0x000002d89a210800 JavaThread "Cache worker for file hash cache (C:\Users\dohoa\.gradle\caches\7.2\fileHashes)" [_thread_blocked, id=10072, stack(0x000000f323200000,0x000000f323300000)]
  0x000002d89a211800 JavaThread "Cache worker for file hash cache (D:\SEM4_Android\AppFruit-main\.gradle\7.2\fileHashes)" [_thread_blocked, id=11148, stack(0x000000f323300000,0x000000f323400000)]
  0x000002d89a20d800 JavaThread "File watcher server" daemon [_thread_in_native, id=684, stack(0x000000f323500000,0x000000f323600000)]
  0x000002d89bf82000 JavaThread "File watcher consumer" daemon [_thread_blocked, id=6916, stack(0x000000f323600000,0x000000f323700000)]
  0x000002d89bf80800 JavaThread "jar transforms" [_thread_blocked, id=14092, stack(0x000000f323700000,0x000000f323800000)]
  0x000002d89bf83000 JavaThread "jar transforms Thread 2" [_thread_blocked, id=13940, stack(0x000000f323800000,0x000000f323900000)]
  0x000002d89bf87000 JavaThread "jar transforms Thread 3" [_thread_blocked, id=1324, stack(0x000000f323900000,0x000000f323a00000)]
  0x000002d89bf83800 JavaThread "jar transforms Thread 4" [_thread_blocked, id=468, stack(0x000000f323a00000,0x000000f323b00000)]
  0x000002d89bf84800 JavaThread "Cache worker for checksums cache (D:\SEM4_Android\AppFruit-main\.gradle\checksums)" [_thread_blocked, id=3312, stack(0x000000f323400000,0x000000f323500000)]
  0x000002d89bf85800 JavaThread "Cache worker for cache directory md-supplier (C:\Users\dohoa\.gradle\caches\7.2\md-supplier)" [_thread_blocked, id=4768, stack(0x000000f323b00000,0x000000f323c00000)]
  0x000002d89bf86000 JavaThread "Cache worker for cache directory md-rule (C:\Users\dohoa\.gradle\caches\7.2\md-rule)" [_thread_blocked, id=10600, stack(0x000000f323d00000,0x000000f323e00000)]
  0x000002d89bf81000 JavaThread "Cache worker for execution history cache (C:\Users\dohoa\.gradle\caches\7.2\executionHistory)" [_thread_blocked, id=1188, stack(0x000000f323e00000,0x000000f323f00000)]
  0x000002d89bf89800 JavaThread "Cache worker for file content cache (C:\Users\dohoa\.gradle\caches\7.2\fileContent)" [_thread_blocked, id=14268, stack(0x000000f323f00000,0x000000f324000000)]
  0x000002d89bf8c800 JavaThread "Cache worker for dependencies-accessors (D:\SEM4_Android\AppFruit-main\.gradle\7.2\dependencies-accessors)" [_thread_blocked, id=10180, stack(0x000000f324000000,0x000000f324100000)]
  0x000002d89bf8b000 JavaThread "Cache worker for Build Output Cleanup Cache (D:\SEM4_Android\AppFruit-main\.gradle\buildOutputCleanup)" [_thread_blocked, id=11440, stack(0x000000f324100000,0x000000f324200000)]
  0x000002d89bf8c000 JavaThread "Unconstrained build operations" [_thread_blocked, id=7440, stack(0x000000f323c00000,0x000000f323d00000)]
  0x000002d89bf8d800 JavaThread "Unconstrained build operations Thread 2" [_thread_blocked, id=7740, stack(0x000000f324200000,0x000000f324300000)]
  0x000002d89bf88800 JavaThread "Unconstrained build operations Thread 3" [_thread_blocked, id=8124, stack(0x000000f324300000,0x000000f324400000)]
  0x000002d89bf8f000 JavaThread "Unconstrained build operations Thread 4" [_thread_blocked, id=13892, stack(0x000000f324400000,0x000000f324500000)]
  0x000002d89a3d8000 JavaThread "Unconstrained build operations Thread 5" [_thread_blocked, id=1416, stack(0x000000f324500000,0x000000f324600000)]
  0x000002d89a3d9800 JavaThread "Unconstrained build operations Thread 6" [_thread_blocked, id=9464, stack(0x000000f324600000,0x000000f324700000)]
  0x000002d89a3db800 JavaThread "Unconstrained build operations Thread 7" [_thread_blocked, id=2360, stack(0x000000f324700000,0x000000f324800000)]
  0x000002d89a3dc000 JavaThread "Unconstrained build operations Thread 8" [_thread_blocked, id=13504, stack(0x000000f324800000,0x000000f324900000)]
  0x000002d89a3da800 JavaThread "Unconstrained build operations Thread 9" [_thread_blocked, id=9816, stack(0x000000f324900000,0x000000f324a00000)]
  0x000002d89a3d6800 JavaThread "Unconstrained build operations Thread 10" [_thread_blocked, id=6924, stack(0x000000f324a00000,0x000000f324b00000)]
  0x000002d89a3d7800 JavaThread "Unconstrained build operations Thread 11" [_thread_blocked, id=12556, stack(0x000000f324b00000,0x000000f324c00000)]
  0x000002d89a3dd000 JavaThread "Unconstrained build operations Thread 12" [_thread_blocked, id=8848, stack(0x000000f324c00000,0x000000f324d00000)]
  0x000002d89a3de000 JavaThread "Unconstrained build operations Thread 13" [_thread_blocked, id=7232, stack(0x000000f324d00000,0x000000f324e00000)]
  0x000002d89a3de800 JavaThread "Unconstrained build operations Thread 14" [_thread_blocked, id=11356, stack(0x000000f324e00000,0x000000f324f00000)]
  0x000002d89a3d9000 JavaThread "Unconstrained build operations Thread 15" [_thread_blocked, id=13644, stack(0x000000f324f00000,0x000000f325000000)]
  0x000002d89a3e3800 JavaThread "Unconstrained build operations Thread 16" [_thread_blocked, id=3364, stack(0x000000f325000000,0x000000f325100000)]
  0x000002d89a3e4800 JavaThread "Unconstrained build operations Thread 17" [_thread_blocked, id=14332, stack(0x000000f325100000,0x000000f325200000)]
  0x000002d89a3e2800 JavaThread "Unconstrained build operations Thread 18" [_thread_blocked, id=13280, stack(0x000000f325200000,0x000000f325300000)]
  0x000002d89a3e2000 JavaThread "Unconstrained build operations Thread 19" [_thread_blocked, id=12412, stack(0x000000f325300000,0x000000f325400000)]
  0x000002d89a3e5000 JavaThread "Unconstrained build operations Thread 20" [_thread_blocked, id=1512, stack(0x000000f325400000,0x000000f325500000)]
  0x000002d89a3df800 JavaThread "Unconstrained build operations Thread 21" [_thread_blocked, id=10780, stack(0x000000f325500000,0x000000f325600000)]
  0x000002d89a3e0000 JavaThread "Unconstrained build operations Thread 22" [_thread_blocked, id=388, stack(0x000000f325600000,0x000000f325700000)]
  0x000002d89a3e1000 JavaThread "Unconstrained build operations Thread 23" [_thread_blocked, id=12428, stack(0x000000f325700000,0x000000f325800000)]
  0x000002d89973a000 JavaThread "Unconstrained build operations Thread 24" [_thread_blocked, id=5980, stack(0x000000f325800000,0x000000f325900000)]
  0x000002d89973f000 JavaThread "Unconstrained build operations Thread 25" [_thread_blocked, id=5896, stack(0x000000f325900000,0x000000f325a00000)]
  0x000002d89973d000 JavaThread "Unconstrained build operations Thread 26" [_thread_blocked, id=10896, stack(0x000000f325a00000,0x000000f325b00000)]
  0x000002d89973c800 JavaThread "Unconstrained build operations Thread 27" [_thread_blocked, id=6544, stack(0x000000f325b00000,0x000000f325c00000)]
  0x000002d89973b800 JavaThread "Unconstrained build operations Thread 28" [_thread_blocked, id=1112, stack(0x000000f325c00000,0x000000f325d00000)]
  0x000002d89973e000 JavaThread "Unconstrained build operations Thread 29" [_thread_blocked, id=4316, stack(0x000000f325d00000,0x000000f325e00000)]
  0x000002d89973a800 JavaThread "Unconstrained build operations Thread 30" [_thread_blocked, id=3152, stack(0x000000f325e00000,0x000000f325f00000)]
  0x000002d899739000 JavaThread "Unconstrained build operations Thread 31" [_thread_blocked, id=6960, stack(0x000000f325f00000,0x000000f326000000)]
  0x000002d89973f800 JavaThread "Unconstrained build operations Thread 32" [_thread_blocked, id=12376, stack(0x000000f326000000,0x000000f326100000)]
  0x000002d899740800 JavaThread "Unconstrained build operations Thread 33" [_thread_blocked, id=14112, stack(0x000000f326100000,0x000000f326200000)]
  0x000002d899743800 JavaThread "Unconstrained build operations Thread 34" [_thread_blocked, id=13328, stack(0x000000f326200000,0x000000f326300000)]
  0x000002d899743000 JavaThread "Unconstrained build operations Thread 35" [_thread_blocked, id=13548, stack(0x000000f326300000,0x000000f326400000)]
  0x000002d899742000 JavaThread "Unconstrained build operations Thread 36" [_thread_blocked, id=3516, stack(0x000000f326400000,0x000000f326500000)]
  0x000002d899745800 JavaThread "Unconstrained build operations Thread 37" [_thread_blocked, id=4268, stack(0x000000f326500000,0x000000f326600000)]
  0x000002d899744800 JavaThread "Unconstrained build operations Thread 38" [_thread_blocked, id=3280, stack(0x000000f326600000,0x000000f326700000)]
  0x000002d899746000 JavaThread "Unconstrained build operations Thread 39" [_thread_blocked, id=408, stack(0x000000f326700000,0x000000f326800000)]
  0x000002d899747000 JavaThread "Unconstrained build operations Thread 40" [_thread_blocked, id=12384, stack(0x000000f326800000,0x000000f326900000)]

Other Threads:
  0x000002d8fea70000 VMThread "VM Thread" [stack: 0x000000f321800000,0x000000f321900000] [id=11988]
  0x000002d8ff56a800 WatcherThread [stack: 0x000000f322200000,0x000000f322300000] [id=7228]
  0x000002d8fd8c8000 GCTaskThread "GC Thread#0" [stack: 0x000000f321300000,0x000000f321400000] [id=11260]
  0x000002d8ff993000 GCTaskThread "GC Thread#1" [stack: 0x000000f322400000,0x000000f322500000] [id=12664]
  0x000002d89b62d800 GCTaskThread "GC Thread#2" [stack: 0x000000f322e00000,0x000000f322f00000] [id=8368]
  0x000002d899092000 GCTaskThread "GC Thread#3" [stack: 0x000000f322f00000,0x000000f323000000] [id=13924]
  0x000002d8fd8fa000 ConcurrentGCThread "G1 Main Marker" [stack: 0x000000f321400000,0x000000f321500000] [id=11528]
  0x000002d8fd8fb800 ConcurrentGCThread "G1 Conc#0" [stack: 0x000000f321500000,0x000000f321600000] [id=13304]
  0x000002d8fd98b000 ConcurrentGCThread "G1 Refine#0" [stack: 0x000000f321600000,0x000000f321700000] [id=4440]
  0x000002d8fd98d000 ConcurrentGCThread "G1 Young RemSet Sampling" [stack: 0x000000f321700000,0x000000f321800000] [id=6760]

Threads with active compile tasks:
C2 CompilerThread0  15401 6880   !   4       com.google.common.reflect.TypeVisitor::visit (244 bytes)
C1 CompilerThread0  15401 7032       3       org.objectweb.asm.ClassReader::readMethod (1061 bytes)

VM state:not at safepoint (normal execution)

VM Mutex/Monitor currently owned by a thread:  ([mutex/lock_event])
[0x000002d8fd8aa3d0] CodeCache_lock - owner thread: 0x000002d8fea97000
[0x000002d8fd8ab3e0] Compile_lock - owner thread: 0x000002d8fea97000
[0x000002d8fd8ab740] MethodCompileQueue_lock - owner thread: 0x000002d8fea97000

Heap address: 0x0000000080000000, size: 2048 MB, Compressed Oops mode: 32-bit
Narrow klass base: 0x0000000000000000, Narrow klass shift: 3
Compressed class space size: 1073741824 Address: 0x0000000100000000

Heap:
 garbage-first heap   total 183296K, used 99212K [0x0000000080000000, 0x0000000100000000)
  region size 1024K, 36 young (36864K), 10 survivors (10240K)
 Metaspace       used 65555K, capacity 67311K, committed 67400K, reserved 1107968K
  class space    used 8370K, capacity 8949K, committed 8960K, reserved 1048576K
Heap Regions: E=young(eden), S=young(survivor), O=old, HS=humongous(starts), HC=humongous(continues), CS=collection set, F=free, A=archive, TAMS=top-at-mark-start (previous, next)
|   0|0x0000000080000000, 0x0000000080100000, 0x0000000080100000|100%| O|  |TAMS 0x0000000080100000, 0x0000000080000000| Untracked 
|   1|0x0000000080100000, 0x0000000080200000, 0x0000000080200000|100%| O|  |TAMS 0x0000000080200000, 0x0000000080100000| Untracked 
|   2|0x0000000080200000, 0x0000000080300000, 0x0000000080300000|100%| O|  |TAMS 0x0000000080300000, 0x0000000080200000| Untracked 
|   3|0x0000000080300000, 0x0000000080400000, 0x0000000080400000|100%|HS|  |TAMS 0x0000000080400000, 0x0000000080300000| Complete 
|   4|0x0000000080400000, 0x0000000080500000, 0x0000000080500000|100%|HC|  |TAMS 0x0000000080500000, 0x0000000080400000| Complete 
|   5|0x0000000080500000, 0x0000000080600000, 0x0000000080600000|100%|HC|  |TAMS 0x0000000080600000, 0x0000000080500000| Complete 
|   6|0x0000000080600000, 0x0000000080700000, 0x0000000080700000|100%| O|  |TAMS 0x0000000080700000, 0x0000000080600000| Untracked 
|   7|0x0000000080700000, 0x0000000080800000, 0x0000000080800000|100%| O|  |TAMS 0x0000000080800000, 0x0000000080700000| Untracked 
|   8|0x0000000080800000, 0x0000000080900000, 0x0000000080900000|100%| O|  |TAMS 0x0000000080900000, 0x0000000080800000| Untracked 
|   9|0x0000000080900000, 0x0000000080a00000, 0x0000000080a00000|100%| O|  |TAMS 0x0000000080a00000, 0x0000000080900000| Untracked 
|  10|0x0000000080a00000, 0x0000000080b00000, 0x0000000080b00000|100%| O|  |TAMS 0x0000000080b00000, 0x0000000080a00000| Untracked 
|  11|0x0000000080b00000, 0x0000000080c00000, 0x0000000080c00000|100%| O|  |TAMS 0x0000000080c00000, 0x0000000080b00000| Untracked 
|  12|0x0000000080c00000, 0x0000000080d00000, 0x0000000080d00000|100%| O|  |TAMS 0x0000000080d00000, 0x0000000080c00000| Untracked 
|  13|0x0000000080d00000, 0x0000000080e00000, 0x0000000080e00000|100%| O|  |TAMS 0x0000000080e00000, 0x0000000080d00000| Untracked 
|  14|0x0000000080e00000, 0x0000000080f00000, 0x0000000080f00000|100%| O|  |TAMS 0x0000000080f00000, 0x0000000080e00000| Untracked 
|  15|0x0000000080f00000, 0x0000000081000000, 0x0000000081000000|100%| O|  |TAMS 0x0000000081000000, 0x0000000080f00000| Untracked 
|  16|0x0000000081000000, 0x0000000081100000, 0x0000000081100000|100%|HS|  |TAMS 0x0000000081100000, 0x0000000081000000| Complete 
|  17|0x0000000081100000, 0x0000000081200000, 0x0000000081200000|100%|HC|  |TAMS 0x0000000081200000, 0x0000000081100000| Complete 
|  18|0x0000000081200000, 0x0000000081300000, 0x0000000081300000|100%|HS|  |TAMS 0x0000000081300000, 0x0000000081200000| Complete 
|  19|0x0000000081300000, 0x0000000081400000, 0x0000000081400000|100%|HC|  |TAMS 0x0000000081400000, 0x0000000081300000| Complete 
|  20|0x0000000081400000, 0x0000000081500000, 0x0000000081500000|100%|HC|  |TAMS 0x0000000081500000, 0x0000000081400000| Complete 
|  21|0x0000000081500000, 0x0000000081600000, 0x0000000081600000|100%|HS|  |TAMS 0x0000000081600000, 0x0000000081500000| Complete 
|  22|0x0000000081600000, 0x0000000081700000, 0x0000000081700000|100%|HC|  |TAMS 0x0000000081700000, 0x0000000081600000| Complete 
|  23|0x0000000081700000, 0x0000000081800000, 0x0000000081800000|100%|HC|  |TAMS 0x0000000081800000, 0x0000000081700000| Complete 
|  24|0x0000000081800000, 0x0000000081900000, 0x0000000081900000|100%|HC|  |TAMS 0x0000000081900000, 0x0000000081800000| Complete 
|  25|0x0000000081900000, 0x0000000081a00000, 0x0000000081a00000|100%|HS|  |TAMS 0x0000000081900000, 0x0000000081900000| Complete 
|  26|0x0000000081a00000, 0x0000000081b00000, 0x0000000081b00000|100%|HC|  |TAMS 0x0000000081a00000, 0x0000000081a00000| Complete 
|  27|0x0000000081b00000, 0x0000000081c00000, 0x0000000081c00000|100%|HC|  |TAMS 0x0000000081b00000, 0x0000000081b00000| Complete 
|  28|0x0000000081c00000, 0x0000000081d00000, 0x0000000081d00000|100%| O|  |TAMS 0x0000000081d00000, 0x0000000081c00000| Untracked 
|  29|0x0000000081d00000, 0x0000000081e00000, 0x0000000081e00000|100%| O|  |TAMS 0x0000000081e00000, 0x0000000081d00000| Untracked 
|  30|0x0000000081e00000, 0x0000000081f00000, 0x0000000081f00000|100%| O|  |TAMS 0x0000000081f00000, 0x0000000081e00000| Untracked 
|  31|0x0000000081f00000, 0x0000000082000000, 0x0000000082000000|100%| O|  |TAMS 0x0000000082000000, 0x0000000081f00000| Untracked 
|  32|0x0000000082000000, 0x0000000082100000, 0x0000000082100000|100%| O|  |TAMS 0x0000000082100000, 0x0000000082000000| Untracked 
|  33|0x0000000082100000, 0x0000000082200000, 0x0000000082200000|100%| O|  |TAMS 0x0000000082200000, 0x0000000082100000| Untracked 
|  34|0x0000000082200000, 0x0000000082300000, 0x0000000082300000|100%| O|  |TAMS 0x0000000082300000, 0x0000000082200000| Untracked 
|  35|0x0000000082300000, 0x0000000082400000, 0x0000000082400000|100%| O|  |TAMS 0x0000000082400000, 0x0000000082300000| Untracked 
|  36|0x0000000082400000, 0x0000000082500000, 0x0000000082500000|100%| O|  |TAMS 0x0000000082500000, 0x0000000082400000| Untracked 
|  37|0x0000000082500000, 0x0000000082600000, 0x0000000082600000|100%| O|  |TAMS 0x000000008255fe00, 0x0000000082500000| Untracked 
|  38|0x0000000082600000, 0x0000000082700000, 0x0000000082700000|100%| O|  |TAMS 0x0000000082600000, 0x0000000082600000| Untracked 
|  39|0x0000000082700000, 0x0000000082800000, 0x0000000082800000|100%| O|  |TAMS 0x0000000082700000, 0x0000000082700000| Untracked 
|  40|0x0000000082800000, 0x0000000082900000, 0x0000000082900000|100%| O|  |TAMS 0x0000000082800000, 0x0000000082800000| Untracked 
|  41|0x0000000082900000, 0x0000000082a00000, 0x0000000082a00000|100%| O|  |TAMS 0x0000000082900000, 0x0000000082900000| Untracked 
|  42|0x0000000082a00000, 0x0000000082b00000, 0x0000000082b00000|100%| O|  |TAMS 0x0000000082a00000, 0x0000000082a00000| Untracked 
|  43|0x0000000082b00000, 0x0000000082c00000, 0x0000000082c00000|100%|HS|  |TAMS 0x0000000082b00000, 0x0000000082b00000| Complete 
|  44|0x0000000082c00000, 0x0000000082d00000, 0x0000000082d00000|100%|HC|  |TAMS 0x0000000082c00000, 0x0000000082c00000| Complete 
|  45|0x0000000082d00000, 0x0000000082e00000, 0x0000000082e00000|100%|HC|  |TAMS 0x0000000082d00000, 0x0000000082d00000| Complete 
|  46|0x0000000082e00000, 0x0000000082f00000, 0x0000000082f00000|100%|HC|  |TAMS 0x0000000082e00000, 0x0000000082e00000| Complete 
|  47|0x0000000082f00000, 0x0000000083000000, 0x0000000083000000|100%| O|  |TAMS 0x0000000082f00000, 0x0000000082f00000| Untracked 
|  48|0x0000000083000000, 0x0000000083100000, 0x0000000083100000|100%| O|  |TAMS 0x0000000083000000, 0x0000000083000000| Untracked 
|  49|0x0000000083100000, 0x0000000083200000, 0x0000000083200000|100%| O|  |TAMS 0x0000000083100000, 0x0000000083100000| Untracked 
|  50|0x0000000083200000, 0x0000000083300000, 0x0000000083300000|100%| O|  |TAMS 0x0000000083200000, 0x0000000083200000| Untracked 
|  51|0x0000000083300000, 0x0000000083400000, 0x0000000083400000|100%| O|  |TAMS 0x0000000083300000, 0x0000000083300000| Untracked 
|  52|0x0000000083400000, 0x0000000083500000, 0x0000000083500000|100%|HS|  |TAMS 0x0000000083400000, 0x0000000083400000| Complete 
|  53|0x0000000083500000, 0x0000000083600000, 0x0000000083600000|100%|HS|  |TAMS 0x0000000083500000, 0x0000000083500000| Complete 
|  54|0x0000000083600000, 0x0000000083700000, 0x0000000083700000|100%|HS|  |TAMS 0x0000000083600000, 0x0000000083600000| Complete 
|  55|0x0000000083700000, 0x0000000083800000, 0x0000000083800000|100%|HS|  |TAMS 0x0000000083700000, 0x0000000083700000| Complete 
|  56|0x0000000083800000, 0x0000000083900000, 0x0000000083900000|100%|HC|  |TAMS 0x0000000083800000, 0x0000000083800000| Complete 
|  57|0x0000000083900000, 0x0000000083a00000, 0x0000000083a00000|100%| O|  |TAMS 0x0000000083900000, 0x0000000083900000| Untracked 
|  58|0x0000000083a00000, 0x0000000083b00000, 0x0000000083b00000|100%| O|  |TAMS 0x0000000083a00000, 0x0000000083a00000| Untracked 
|  59|0x0000000083b00000, 0x0000000083c00000, 0x0000000083c00000|100%| O|  |TAMS 0x0000000083b00000, 0x0000000083b00000| Untracked 
|  60|0x0000000083c00000, 0x0000000083d00000, 0x0000000083d00000|100%| O|  |TAMS 0x0000000083c00000, 0x0000000083c00000| Untracked 
|  61|0x0000000083d00000, 0x0000000083de3000, 0x0000000083e00000| 88%| O|  |TAMS 0x0000000083d00000, 0x0000000083d00000| Untracked 
|  62|0x0000000083e00000, 0x0000000083e00000, 0x0000000083f00000|  0%| F|  |TAMS 0x0000000083e00000, 0x0000000083e00000| Untracked 
|  63|0x0000000083f00000, 0x0000000083f00000, 0x0000000084000000|  0%| F|  |TAMS 0x0000000083f00000, 0x0000000083f00000| Untracked 
|  64|0x0000000084000000, 0x0000000084000000, 0x0000000084100000|  0%| F|  |TAMS 0x0000000084000000, 0x0000000084000000| Untracked 
|  65|0x0000000084100000, 0x0000000084100000, 0x0000000084200000|  0%| F|  |TAMS 0x0000000084100000, 0x0000000084100000| Untracked 
|  66|0x0000000084200000, 0x0000000084200000, 0x0000000084300000|  0%| F|  |TAMS 0x0000000084200000, 0x0000000084200000| Untracked 
|  67|0x0000000084300000, 0x0000000084300000, 0x0000000084400000|  0%| F|  |TAMS 0x0000000084300000, 0x0000000084300000| Untracked 
|  68|0x0000000084400000, 0x0000000084400000, 0x0000000084500000|  0%| F|  |TAMS 0x0000000084400000, 0x0000000084400000| Untracked 
|  69|0x0000000084500000, 0x0000000084500000, 0x0000000084600000|  0%| F|  |TAMS 0x0000000084500000, 0x0000000084500000| Untracked 
|  70|0x0000000084600000, 0x0000000084600000, 0x0000000084700000|  0%| F|  |TAMS 0x0000000084600000, 0x0000000084600000| Untracked 
|  71|0x0000000084700000, 0x0000000084700000, 0x0000000084800000|  0%| F|  |TAMS 0x0000000084700000, 0x0000000084700000| Untracked 
|  72|0x0000000084800000, 0x0000000084800000, 0x0000000084900000|  0%| F|  |TAMS 0x0000000084800000, 0x0000000084800000| Untracked 
|  73|0x0000000084900000, 0x0000000084900000, 0x0000000084a00000|  0%| F|  |TAMS 0x0000000084900000, 0x0000000084900000| Untracked 
|  74|0x0000000084a00000, 0x0000000084a00000, 0x0000000084b00000|  0%| F|  |TAMS 0x0000000084a00000, 0x0000000084a00000| Untracked 
|  75|0x0000000084b00000, 0x0000000084b00000, 0x0000000084c00000|  0%| F|  |TAMS 0x0000000084b00000, 0x0000000084b00000| Untracked 
|  76|0x0000000084c00000, 0x0000000084c00000, 0x0000000084d00000|  0%| F|  |TAMS 0x0000000084c00000, 0x0000000084c00000| Untracked 
|  77|0x0000000084d00000, 0x0000000084d00000, 0x0000000084e00000|  0%| F|  |TAMS 0x0000000084d00000, 0x0000000084d00000| Untracked 
|  78|0x0000000084e00000, 0x0000000084e00000, 0x0000000084f00000|  0%| F|  |TAMS 0x0000000084e00000, 0x0000000084e00000| Untracked 
|  79|0x0000000084f00000, 0x0000000084f00000, 0x0000000085000000|  0%| F|  |TAMS 0x0000000084f00000, 0x0000000084f00000| Untracked 
|  80|0x0000000085000000, 0x0000000085000000, 0x0000000085100000|  0%| F|  |TAMS 0x0000000085000000, 0x0000000085000000| Untracked 
|  81|0x0000000085100000, 0x0000000085100000, 0x0000000085200000|  0%| F|  |TAMS 0x0000000085100000, 0x0000000085100000| Untracked 
|  82|0x0000000085200000, 0x0000000085200000, 0x0000000085300000|  0%| F|  |TAMS 0x0000000085200000, 0x0000000085200000| Untracked 
|  83|0x0000000085300000, 0x0000000085300000, 0x0000000085400000|  0%| F|  |TAMS 0x0000000085300000, 0x0000000085300000| Untracked 
|  84|0x0000000085400000, 0x0000000085400000, 0x0000000085500000|  0%| F|  |TAMS 0x0000000085400000, 0x0000000085400000| Untracked 
|  85|0x0000000085500000, 0x0000000085500000, 0x0000000085600000|  0%| F|  |TAMS 0x0000000085500000, 0x0000000085500000| Untracked 
|  86|0x0000000085600000, 0x0000000085600000, 0x0000000085700000|  0%| F|  |TAMS 0x0000000085600000, 0x0000000085600000| Untracked 
|  87|0x0000000085700000, 0x0000000085700000, 0x0000000085800000|  0%| F|  |TAMS 0x0000000085700000, 0x0000000085700000| Untracked 
|  88|0x0000000085800000, 0x0000000085800000, 0x0000000085900000|  0%| F|  |TAMS 0x0000000085800000, 0x0000000085800000| Untracked 
|  89|0x0000000085900000, 0x0000000085a00000, 0x0000000085a00000|100%| S|CS|TAMS 0x0000000085900000, 0x0000000085900000| Complete 
|  90|0x0000000085a00000, 0x0000000085b00000, 0x0000000085b00000|100%| S|CS|TAMS 0x0000000085a00000, 0x0000000085a00000| Complete 
|  91|0x0000000085b00000, 0x0000000085c00000, 0x0000000085c00000|100%| S|CS|TAMS 0x0000000085b00000, 0x0000000085b00000| Complete 
|  92|0x0000000085c00000, 0x0000000085d00000, 0x0000000085d00000|100%| S|CS|TAMS 0x0000000085c00000, 0x0000000085c00000| Complete 
|  93|0x0000000085d00000, 0x0000000085e00000, 0x0000000085e00000|100%| S|CS|TAMS 0x0000000085d00000, 0x0000000085d00000| Complete 
|  94|0x0000000085e00000, 0x0000000085f00000, 0x0000000085f00000|100%| S|CS|TAMS 0x0000000085e00000, 0x0000000085e00000| Complete 
|  95|0x0000000085f00000, 0x0000000086000000, 0x0000000086000000|100%| S|CS|TAMS 0x0000000085f00000, 0x0000000085f00000| Complete 
|  96|0x0000000086000000, 0x0000000086100000, 0x0000000086100000|100%| S|CS|TAMS 0x0000000086000000, 0x0000000086000000| Complete 
|  97|0x0000000086100000, 0x0000000086200000, 0x0000000086200000|100%| S|CS|TAMS 0x0000000086100000, 0x0000000086100000| Complete 
|  98|0x0000000086200000, 0x0000000086300000, 0x0000000086300000|100%| S|CS|TAMS 0x0000000086200000, 0x0000000086200000| Complete 
|  99|0x0000000086300000, 0x0000000086300000, 0x0000000086400000|  0%| F|  |TAMS 0x0000000086300000, 0x0000000086300000| Untracked 
| 100|0x0000000086400000, 0x0000000086400000, 0x0000000086500000|  0%| F|  |TAMS 0x0000000086400000, 0x0000000086400000| Untracked 
| 101|0x0000000086500000, 0x0000000086500000, 0x0000000086600000|  0%| F|  |TAMS 0x0000000086500000, 0x0000000086500000| Untracked 
| 102|0x0000000086600000, 0x0000000086600000, 0x0000000086700000|  0%| F|  |TAMS 0x0000000086600000, 0x0000000086600000| Untracked 
| 103|0x0000000086700000, 0x0000000086700000, 0x0000000086800000|  0%| F|  |TAMS 0x0000000086700000, 0x0000000086700000| Untracked 
| 104|0x0000000086800000, 0x0000000086800000, 0x0000000086900000|  0%| F|  |TAMS 0x0000000086800000, 0x0000000086800000| Untracked 
| 105|0x0000000086900000, 0x0000000086900000, 0x0000000086a00000|  0%| F|  |TAMS 0x0000000086900000, 0x0000000086900000| Untracked 
| 106|0x0000000086a00000, 0x0000000086a00000, 0x0000000086b00000|  0%| F|  |TAMS 0x0000000086a00000, 0x0000000086a00000| Untracked 
| 107|0x0000000086b00000, 0x0000000086b00000, 0x0000000086c00000|  0%| F|  |TAMS 0x0000000086b00000, 0x0000000086b00000| Untracked 
| 108|0x0000000086c00000, 0x0000000086c00000, 0x0000000086d00000|  0%| F|  |TAMS 0x0000000086c00000, 0x0000000086c00000| Untracked 
| 109|0x0000000086d00000, 0x0000000086d00000, 0x0000000086e00000|  0%| F|  |TAMS 0x0000000086d00000, 0x0000000086d00000| Untracked 
| 110|0x0000000086e00000, 0x0000000086e00000, 0x0000000086f00000|  0%| F|  |TAMS 0x0000000086e00000, 0x0000000086e00000| Untracked 
| 111|0x0000000086f00000, 0x0000000086f00000, 0x0000000087000000|  0%| F|  |TAMS 0x0000000086f00000, 0x0000000086f00000| Untracked 
| 112|0x0000000087000000, 0x0000000087000000, 0x0000000087100000|  0%| F|  |TAMS 0x0000000087000000, 0x0000000087000000| Untracked 
| 113|0x0000000087100000, 0x0000000087100000, 0x0000000087200000|  0%| F|  |TAMS 0x0000000087100000, 0x0000000087100000| Untracked 
| 114|0x0000000087200000, 0x0000000087200000, 0x0000000087300000|  0%| F|  |TAMS 0x0000000087200000, 0x0000000087200000| Untracked 
| 115|0x0000000087300000, 0x0000000087300000, 0x0000000087400000|  0%| F|  |TAMS 0x0000000087300000, 0x0000000087300000| Untracked 
| 116|0x0000000087400000, 0x0000000087400000, 0x0000000087500000|  0%| F|  |TAMS 0x0000000087400000, 0x0000000087400000| Untracked 
| 117|0x0000000087500000, 0x0000000087500000, 0x0000000087600000|  0%| F|  |TAMS 0x0000000087500000, 0x0000000087500000| Untracked 
| 118|0x0000000087600000, 0x0000000087600000, 0x0000000087700000|  0%| F|  |TAMS 0x0000000087600000, 0x0000000087600000| Untracked 
| 119|0x0000000087700000, 0x0000000087700000, 0x0000000087800000|  0%| F|  |TAMS 0x0000000087700000, 0x0000000087700000| Untracked 
| 120|0x0000000087800000, 0x0000000087800000, 0x0000000087900000|  0%| F|  |TAMS 0x0000000087800000, 0x0000000087800000| Untracked 
| 121|0x0000000087900000, 0x0000000087900000, 0x0000000087a00000|  0%| F|  |TAMS 0x0000000087900000, 0x0000000087900000| Untracked 
| 122|0x0000000087a00000, 0x0000000087a00000, 0x0000000087b00000|  0%| F|  |TAMS 0x0000000087a00000, 0x0000000087a00000| Untracked 
| 123|0x0000000087b00000, 0x0000000087b00000, 0x0000000087c00000|  0%| F|  |TAMS 0x0000000087b00000, 0x0000000087b00000| Untracked 
| 124|0x0000000087c00000, 0x0000000087c00000, 0x0000000087d00000|  0%| F|  |TAMS 0x0000000087c00000, 0x0000000087c00000| Untracked 
| 125|0x0000000087d00000, 0x0000000087d00000, 0x0000000087e00000|  0%| F|  |TAMS 0x0000000087d00000, 0x0000000087d00000| Untracked 
| 126|0x0000000087e00000, 0x0000000087e00000, 0x0000000087f00000|  0%| F|  |TAMS 0x0000000087e00000, 0x0000000087e00000| Untracked 
| 127|0x0000000087f00000, 0x0000000087f00000, 0x0000000088000000|  0%| F|  |TAMS 0x0000000087f00000, 0x0000000087f00000| Untracked 
| 128|0x0000000088000000, 0x0000000088000000, 0x0000000088100000|  0%| F|  |TAMS 0x0000000088000000, 0x0000000088000000| Untracked 
| 129|0x0000000088100000, 0x0000000088100000, 0x0000000088200000|  0%| F|  |TAMS 0x0000000088100000, 0x0000000088100000| Untracked 
| 130|0x0000000088200000, 0x0000000088200000, 0x0000000088300000|  0%| F|  |TAMS 0x0000000088200000, 0x0000000088200000| Untracked 
| 131|0x0000000088300000, 0x0000000088300000, 0x0000000088400000|  0%| F|  |TAMS 0x0000000088300000, 0x0000000088300000| Untracked 
| 132|0x0000000088400000, 0x0000000088400000, 0x0000000088500000|  0%| F|  |TAMS 0x0000000088400000, 0x0000000088400000| Untracked 
| 133|0x0000000088500000, 0x0000000088500000, 0x0000000088600000|  0%| F|  |TAMS 0x0000000088500000, 0x0000000088500000| Untracked 
| 134|0x0000000088600000, 0x0000000088600000, 0x0000000088700000|  0%| F|  |TAMS 0x0000000088600000, 0x0000000088600000| Untracked 
| 135|0x0000000088700000, 0x0000000088700000, 0x0000000088800000|  0%| F|  |TAMS 0x0000000088700000, 0x0000000088700000| Untracked 
| 136|0x0000000088800000, 0x0000000088800000, 0x0000000088900000|  0%| F|  |TAMS 0x0000000088800000, 0x0000000088800000| Untracked 
| 137|0x0000000088900000, 0x0000000088900000, 0x0000000088a00000|  0%| F|  |TAMS 0x0000000088900000, 0x0000000088900000| Untracked 
| 138|0x0000000088a00000, 0x0000000088a00000, 0x0000000088b00000|  0%| F|  |TAMS 0x0000000088a00000, 0x0000000088a00000| Untracked 
| 139|0x0000000088b00000, 0x0000000088b00000, 0x0000000088c00000|  0%| F|  |TAMS 0x0000000088b00000, 0x0000000088b00000| Untracked 
| 140|0x0000000088c00000, 0x0000000088c00000, 0x0000000088d00000|  0%| F|  |TAMS 0x0000000088c00000, 0x0000000088c00000| Untracked 
| 141|0x0000000088d00000, 0x0000000088d00000, 0x0000000088e00000|  0%| F|  |TAMS 0x0000000088d00000, 0x0000000088d00000| Untracked 
| 142|0x0000000088e00000, 0x0000000088e00000, 0x0000000088f00000|  0%| F|  |TAMS 0x0000000088e00000, 0x0000000088e00000| Untracked 
| 143|0x0000000088f00000, 0x0000000088f00000, 0x0000000089000000|  0%| F|  |TAMS 0x0000000088f00000, 0x0000000088f00000| Untracked 
| 144|0x0000000089000000, 0x0000000089000000, 0x0000000089100000|  0%| F|  |TAMS 0x0000000089000000, 0x0000000089000000| Untracked 
| 145|0x0000000089100000, 0x0000000089100000, 0x0000000089200000|  0%| F|  |TAMS 0x0000000089100000, 0x0000000089100000| Untracked 
| 146|0x0000000089200000, 0x0000000089200000, 0x0000000089300000|  0%| F|  |TAMS 0x0000000089200000, 0x0000000089200000| Untracked 
| 147|0x0000000089300000, 0x0000000089300000, 0x0000000089400000|  0%| F|  |TAMS 0x0000000089300000, 0x0000000089300000| Untracked 
| 148|0x0000000089400000, 0x0000000089400000, 0x0000000089500000|  0%| F|  |TAMS 0x0000000089400000, 0x0000000089400000| Untracked 
| 149|0x0000000089500000, 0x0000000089500000, 0x0000000089600000|  0%| F|  |TAMS 0x0000000089500000, 0x0000000089500000| Untracked 
| 150|0x0000000089600000, 0x0000000089600000, 0x0000000089700000|  0%| F|  |TAMS 0x0000000089600000, 0x0000000089600000| Untracked 
| 151|0x0000000089700000, 0x0000000089700000, 0x0000000089800000|  0%| F|  |TAMS 0x0000000089700000, 0x0000000089700000| Untracked 
| 152|0x0000000089800000, 0x0000000089800000, 0x0000000089900000|  0%| F|  |TAMS 0x0000000089800000, 0x0000000089800000| Untracked 
| 153|0x0000000089900000, 0x0000000089980800, 0x0000000089a00000| 50%| E|  |TAMS 0x0000000089900000, 0x0000000089900000| Complete 
| 154|0x0000000089a00000, 0x0000000089b00000, 0x0000000089b00000|100%| E|CS|TAMS 0x0000000089a00000, 0x0000000089a00000| Complete 
| 155|0x0000000089b00000, 0x0000000089c00000, 0x0000000089c00000|100%| E|CS|TAMS 0x0000000089b00000, 0x0000000089b00000| Complete 
| 156|0x0000000089c00000, 0x0000000089d00000, 0x0000000089d00000|100%| E|CS|TAMS 0x0000000089c00000, 0x0000000089c00000| Complete 
| 157|0x0000000089d00000, 0x0000000089e00000, 0x0000000089e00000|100%| E|CS|TAMS 0x0000000089d00000, 0x0000000089d00000| Complete 
| 158|0x0000000089e00000, 0x0000000089f00000, 0x0000000089f00000|100%| E|CS|TAMS 0x0000000089e00000, 0x0000000089e00000| Complete 
| 159|0x0000000089f00000, 0x000000008a000000, 0x000000008a000000|100%| E|CS|TAMS 0x0000000089f00000, 0x0000000089f00000| Complete 
| 160|0x000000008a000000, 0x000000008a100000, 0x000000008a100000|100%| E|CS|TAMS 0x000000008a000000, 0x000000008a000000| Complete 
| 161|0x000000008a100000, 0x000000008a200000, 0x000000008a200000|100%| E|CS|TAMS 0x000000008a100000, 0x000000008a100000| Complete 
| 162|0x000000008a200000, 0x000000008a300000, 0x000000008a300000|100%| E|CS|TAMS 0x000000008a200000, 0x000000008a200000| Complete 
| 163|0x000000008a300000, 0x000000008a400000, 0x000000008a400000|100%| E|CS|TAMS 0x000000008a300000, 0x000000008a300000| Complete 
| 164|0x000000008a400000, 0x000000008a500000, 0x000000008a500000|100%| E|CS|TAMS 0x000000008a400000, 0x000000008a400000| Complete 
| 165|0x000000008a500000, 0x000000008a600000, 0x000000008a600000|100%| E|CS|TAMS 0x000000008a500000, 0x000000008a500000| Complete 
| 166|0x000000008a600000, 0x000000008a700000, 0x000000008a700000|100%| E|CS|TAMS 0x000000008a600000, 0x000000008a600000| Complete 
| 167|0x000000008a700000, 0x000000008a800000, 0x000000008a800000|100%| E|CS|TAMS 0x000000008a700000, 0x000000008a700000| Complete 
| 168|0x000000008a800000, 0x000000008a900000, 0x000000008a900000|100%| E|CS|TAMS 0x000000008a800000, 0x000000008a800000| Complete 
| 169|0x000000008a900000, 0x000000008aa00000, 0x000000008aa00000|100%| E|CS|TAMS 0x000000008a900000, 0x000000008a900000| Complete 
| 170|0x000000008aa00000, 0x000000008ab00000, 0x000000008ab00000|100%| E|CS|TAMS 0x000000008aa00000, 0x000000008aa00000| Complete 
| 171|0x000000008ab00000, 0x000000008ac00000, 0x000000008ac00000|100%| E|CS|TAMS 0x000000008ab00000, 0x000000008ab00000| Complete 
| 172|0x000000008ac00000, 0x000000008ad00000, 0x000000008ad00000|100%| E|CS|TAMS 0x000000008ac00000, 0x000000008ac00000| Complete 
| 173|0x000000008ad00000, 0x000000008ae00000, 0x000000008ae00000|100%| E|CS|TAMS 0x000000008ad00000, 0x000000008ad00000| Complete 
| 174|0x000000008ae00000, 0x000000008af00000, 0x000000008af00000|100%| E|CS|TAMS 0x000000008ae00000, 0x000000008ae00000| Complete 
| 175|0x000000008af00000, 0x000000008b000000, 0x000000008b000000|100%| E|CS|TAMS 0x000000008af00000, 0x000000008af00000| Complete 
| 176|0x000000008b000000, 0x000000008b100000, 0x000000008b100000|100%| E|CS|TAMS 0x000000008b000000, 0x000000008b000000| Complete 
| 177|0x000000008b100000, 0x000000008b200000, 0x000000008b200000|100%| E|CS|TAMS 0x000000008b100000, 0x000000008b100000| Complete 
| 178|0x000000008b200000, 0x000000008b300000, 0x000000008b300000|100%| E|CS|TAMS 0x000000008b200000, 0x000000008b200000| Complete 

Card table byte_map: [0x000002d8fdd90000,0x000002d8fe190000] _byte_map_base: 0x000002d8fd990000

Marking Bits (Prev, Next): (CMBitMap*) 0x000002d8fd8f1700, (CMBitMap*) 0x000002d8fd8f16c8
 Prev Bits: [0x000002d894a20000, 0x000002d896a20000)
 Next Bits: [0x000002d892a20000, 0x000002d894a20000)

Polling page: 0x000002d8fd090000

Metaspace:

Usage:
  Non-class:     56.99 MB capacity,    55.86 MB ( 98%) used,   986.02 KB (  2%) free+waste,   173.63 KB ( <1%) overhead. 
      Class:      8.74 MB capacity,     8.18 MB ( 94%) used,   493.52 KB (  6%) free+waste,    82.44 KB ( <1%) overhead. 
       Both:     65.73 MB capacity,    64.04 MB ( 97%) used,     1.44 MB (  2%) free+waste,   256.06 KB ( <1%) overhead. 

Virtual space:
  Non-class space:       58.00 MB reserved,      57.07 MB ( 98%) committed 
      Class space:        1.00 GB reserved,       8.75 MB ( <1%) committed 
             Both:        1.06 GB reserved,      65.82 MB (  6%) committed 

Chunk freelists:
   Non-Class:  12.00 KB
       Class:  10.00 KB
        Both:  22.00 KB

MaxMetaspaceSize: 17179869184.00 GB
CompressedClassSpaceSize: 1.00 GB

CodeHeap 'non-profiled nmethods': size=120064Kb used=3986Kb max_used=3986Kb free=116077Kb
 bounds [0x000002d88b4e0000, 0x000002d88b8d0000, 0x000002d892a20000]
CodeHeap 'profiled nmethods': size=120000Kb used=14747Kb max_used=14747Kb free=105252Kb
 bounds [0x000002d883fb0000, 0x000002d884e20000, 0x000002d88b4e0000]
CodeHeap 'non-nmethods': size=5696Kb used=2267Kb max_used=2289Kb free=3428Kb
 bounds [0x000002d883a20000, 0x000002d883c90000, 0x000002d883fb0000]
 total_blobs=7837 nmethods=6994 adapters=754
 compilation: enabled
              stopped_count=0, restarted_count=0
 full_count=0

Compilation events (20 events):
Event: 15.366 Thread 0x000002d8fea97000 7011       3       com.google.common.reflect.TypeResolver$TypeTable$1::resolveInternal (33 bytes)
Event: 15.366 Thread 0x000002d8fea97000 nmethod 7011 0x000002d884e00a90 code [0x000002d884e00c80, 0x000002d884e010f8]
Event: 15.367 Thread 0x000002d8fea97000 7012       3       com.google.common.collect.AbstractMapBasedMultimap$WrappedCollection::iterator (13 bytes)
Event: 15.368 Thread 0x000002d8fea97000 nmethod 7012 0x000002d884e01290 code [0x000002d884e014c0, 0x000002d884e01d28]
Event: 15.368 Thread 0x000002d8fea97000 7013       3       com.google.common.collect.AbstractMapBasedMultimap$WrappedCollection$WrappedIterator::<init> (32 bytes)
Event: 15.368 Thread 0x000002d8fea97000 nmethod 7013 0x000002d884e01f10 code [0x000002d884e02120, 0x000002d884e02838]
Event: 15.368 Thread 0x000002d8fea97000 7014       3       com.google.common.collect.AbstractMapBasedMultimap::access$100 (5 bytes)
Event: 15.368 Thread 0x000002d8fea97000 nmethod 7014 0x000002d884e02a10 code [0x000002d884e02c00, 0x000002d884e03118]
Event: 15.368 Thread 0x000002d8fea97000 7015       3       com.google.common.collect.AbstractMapBasedMultimap::iteratorOrListIterator (26 bytes)
Event: 15.368 Thread 0x000002d8fea97000 nmethod 7015 0x000002d884e03290 code [0x000002d884e03480, 0x000002d884e03938]
Event: 15.372 Thread 0x000002d8fea97000 7016       3       com.google.common.reflect.TypeResolver::resolveTypes (32 bytes)
Event: 15.372 Thread 0x000002d8fea97000 nmethod 7016 0x000002d884e03a90 code [0x000002d884e03c60, 0x000002d884e040a8]
Event: 15.372 Thread 0x000002d8fea97000 7017       3       com.google.common.reflect.TypeToken$4::visitClass (10 bytes)
Event: 15.372 Thread 0x000002d8fea97000 nmethod 7017 0x000002d884e04210 code [0x000002d884e043c0, 0x000002d884e04588]
Event: 15.373 Thread 0x000002d8fea97000 7018       3       com.google.common.collect.LinkedHashMultimap$ValueSet::iterator (9 bytes)
Event: 15.374 Thread 0x000002d8fea97000 nmethod 7018 0x000002d884e04690 code [0x000002d884e04860, 0x000002d884e04b58]
Event: 15.374 Thread 0x000002d8fea97000 7020       3       org.gradle.internal.instantiation.generator.AbstractClassGenerator$DslMixInPropertyType::findClosureOverload (109 bytes)
Event: 15.374 Thread 0x000002d8fea97000 nmethod 7020 0x000002d884e04c90 code [0x000002d884e04f00, 0x000002d884e05b18]
Event: 15.374 Thread 0x000002d8fea97000 7019       3       com.google.common.collect.LinkedHashMultimap$ValueSet$1::<init> (32 bytes)
Event: 15.374 Thread 0x000002d8fea97000 nmethod 7019 0x000002d884e05f10 code [0x000002d884e060e0, 0x000002d884e06338]

GC Heap History (20 events):
Event: 1.257 GC heap before
{Heap before GC invocations=2 (full 0):
 garbage-first heap   total 126976K, used 38163K [0x0000000080000000, 0x0000000100000000)
  region size 1024K, 30 young (30720K), 2 survivors (2048K)
 Metaspace       used 10841K, capacity 11073K, committed 11264K, reserved 1058816K
  class space    used 1131K, capacity 1207K, committed 1280K, reserved 1048576K
}
Event: 1.261 GC heap after
{Heap after GC invocations=3 (full 0):
 garbage-first heap   total 126976K, used 11960K [0x0000000080000000, 0x0000000100000000)
  region size 1024K, 3 young (3072K), 3 survivors (3072K)
 Metaspace       used 10841K, capacity 11073K, committed 11264K, reserved 1058816K
  class space    used 1131K, capacity 1207K, committed 1280K, reserved 1048576K
}
Event: 2.404 GC heap before
{Heap before GC invocations=3 (full 0):
 garbage-first heap   total 126976K, used 58040K [0x0000000080000000, 0x0000000100000000)
  region size 1024K, 49 young (50176K), 3 survivors (3072K)
 Metaspace       used 18183K, capacity 18588K, committed 18688K, reserved 1064960K
  class space    used 2161K, capacity 2300K, committed 2304K, reserved 1048576K
}
Event: 2.413 GC heap after
{Heap after GC invocations=4 (full 0):
 garbage-first heap   total 126976K, used 16222K [0x0000000080000000, 0x0000000100000000)
  region size 1024K, 7 young (7168K), 7 survivors (7168K)
 Metaspace       used 18183K, capacity 18588K, committed 18688K, reserved 1064960K
  class space    used 2161K, capacity 2300K, committed 2304K, reserved 1048576K
}
Event: 2.811 GC heap before
{Heap before GC invocations=4 (full 0):
 garbage-first heap   total 126976K, used 36702K [0x0000000080000000, 0x0000000100000000)
  region size 1024K, 28 young (28672K), 7 survivors (7168K)
 Metaspace       used 20656K, capacity 21116K, committed 21296K, reserved 1069056K
  class space    used 2528K, capacity 2674K, committed 2688K, reserved 1048576K
}
Event: 2.818 GC heap after
{Heap after GC invocations=5 (full 0):
 garbage-first heap   total 152576K, used 17482K [0x0000000080000000, 0x0000000100000000)
  region size 1024K, 2 young (2048K), 2 survivors (2048K)
 Metaspace       used 20656K, capacity 21116K, committed 21296K, reserved 1069056K
  class space    used 2528K, capacity 2674K, committed 2688K, reserved 1048576K
}
Event: 3.739 GC heap before
{Heap before GC invocations=6 (full 0):
 garbage-first heap   total 152576K, used 75850K [0x0000000080000000, 0x0000000100000000)
  region size 1024K, 58 young (59392K), 2 survivors (2048K)
 Metaspace       used 26571K, capacity 27201K, committed 27440K, reserved 1073152K
  class space    used 3477K, capacity 3710K, committed 3712K, reserved 1048576K
}
Event: 3.744 GC heap after
{Heap after GC invocations=7 (full 0):
 garbage-first heap   total 152576K, used 22295K [0x0000000080000000, 0x0000000100000000)
  region size 1024K, 4 young (4096K), 4 survivors (4096K)
 Metaspace       used 26571K, capacity 27201K, committed 27440K, reserved 1073152K
  class space    used 3477K, capacity 3710K, committed 3712K, reserved 1048576K
}
Event: 5.168 GC heap before
{Heap before GC invocations=7 (full 0):
 garbage-first heap   total 152576K, used 98071K [0x0000000080000000, 0x0000000100000000)
  region size 1024K, 72 young (73728K), 4 survivors (4096K)
 Metaspace       used 34576K, capacity 35496K, committed 35632K, reserved 1079296K
  class space    used 4548K, capacity 4919K, committed 4992K, reserved 1048576K
}
Event: 5.180 GC heap after
{Heap after GC invocations=8 (full 0):
 garbage-first heap   total 152576K, used 35723K [0x0000000080000000, 0x0000000100000000)
  region size 1024K, 10 young (10240K), 10 survivors (10240K)
 Metaspace       used 34576K, capacity 35496K, committed 35632K, reserved 1079296K
  class space    used 4548K, capacity 4919K, committed 4992K, reserved 1048576K
}
Event: 6.244 GC heap before
{Heap before GC invocations=9 (full 0):
 garbage-first heap   total 152576K, used 102283K [0x0000000080000000, 0x0000000100000000)
  region size 1024K, 73 young (74752K), 10 survivors (10240K)
 Metaspace       used 41273K, capacity 42381K, committed 42696K, reserved 1087488K
  class space    used 5305K, capacity 5696K, committed 5760K, reserved 1048576K
}
Event: 6.259 GC heap after
{Heap after GC invocations=10 (full 0):
 garbage-first heap   total 152576K, used 40790K [0x0000000080000000, 0x0000000100000000)
  region size 1024K, 6 young (6144K), 6 survivors (6144K)
 Metaspace       used 41273K, capacity 42381K, committed 42696K, reserved 1087488K
  class space    used 5305K, capacity 5696K, committed 5760K, reserved 1048576K
}
Event: 7.748 GC heap before
{Heap before GC invocations=11 (full 0):
 garbage-first heap   total 152576K, used 108374K [0x0000000080000000, 0x0000000100000000)
  region size 1024K, 69 young (70656K), 6 survivors (6144K)
 Metaspace       used 47888K, capacity 49175K, committed 49224K, reserved 1091584K
  class space    used 6147K, capacity 6611K, committed 6656K, reserved 1048576K
}
Event: 7.758 GC heap after
{Heap after GC invocations=12 (full 0):
 garbage-first heap   total 152576K, used 48825K [0x0000000080000000, 0x0000000100000000)
  region size 1024K, 6 young (6144K), 6 survivors (6144K)
 Metaspace       used 47888K, capacity 49175K, committed 49224K, reserved 1091584K
  class space    used 6147K, capacity 6611K, committed 6656K, reserved 1048576K
}
Event: 9.341 GC heap before
{Heap before GC invocations=12 (full 0):
 garbage-first heap   total 152576K, used 116409K [0x0000000080000000, 0x0000000100000000)
  region size 1024K, 68 young (69632K), 6 survivors (6144K)
 Metaspace       used 51860K, capacity 53233K, committed 53448K, reserved 1095680K
  class space    used 6649K, capacity 7169K, committed 7296K, reserved 1048576K
}
Event: 9.352 GC heap after
{Heap after GC invocations=13 (full 0):
 garbage-first heap   total 183296K, used 58368K [0x0000000080000000, 0x0000000100000000)
  region size 1024K, 5 young (5120K), 5 survivors (5120K)
 Metaspace       used 51860K, capacity 53233K, committed 53448K, reserved 1095680K
  class space    used 6649K, capacity 7169K, committed 7296K, reserved 1048576K
}
Event: 11.265 GC heap before
{Heap before GC invocations=13 (full 0):
 garbage-first heap   total 183296K, used 130048K [0x0000000080000000, 0x0000000100000000)
  region size 1024K, 76 young (77824K), 5 survivors (5120K)
 Metaspace       used 55504K, capacity 57133K, committed 57288K, reserved 1099776K
  class space    used 7149K, capacity 7695K, committed 7808K, reserved 1048576K
}
Event: 11.275 GC heap after
{Heap after GC invocations=14 (full 0):
 garbage-first heap   total 183296K, used 61424K [0x0000000080000000, 0x0000000100000000)
  region size 1024K, 8 young (8192K), 8 survivors (8192K)
 Metaspace       used 55504K, capacity 57133K, committed 57288K, reserved 1099776K
  class space    used 7149K, capacity 7695K, committed 7808K, reserved 1048576K
}
Event: 15.022 GC heap before
{Heap before GC invocations=14 (full 0):
 garbage-first heap   total 183296K, used 139248K [0x0000000080000000, 0x0000000100000000)
  region size 1024K, 80 young (81920K), 8 survivors (8192K)
 Metaspace       used 61893K, capacity 63601K, committed 63688K, reserved 1103872K
  class space    used 7950K, capacity 8525K, committed 8576K, reserved 1048576K
}
Event: 15.033 GC heap after
{Heap after GC invocations=15 (full 0):
 garbage-first heap   total 183296K, used 73612K [0x0000000080000000, 0x0000000100000000)
  region size 1024K, 10 young (10240K), 10 survivors (10240K)
 Metaspace       used 61893K, capacity 63601K, committed 63688K, reserved 1103872K
  class space    used 7950K, capacity 8525K, committed 8576K, reserved 1048576K
}

Deoptimization events (20 events):
Event: 14.513 Thread 0x000002d89a20b000 Uncommon trap: trap_request=0xffffff45 fr.pc=0x000002d88b698b04 relative=0x0000000000000d64
Event: 14.513 Thread 0x000002d89a20b000 Uncommon trap: reason=unstable_fused_if action=reinterpret pc=0x000002d88b698b04 method=org.objectweb.asm.ByteVector.putUTF8(Ljava/lang/String;)Lorg/objectweb/asm/ByteVector; @ 93 c2
Event: 14.513 Thread 0x000002d89a20b000 DEOPT PACKING pc=0x000002d88b698b04 sp=0x000000f322af7c80
Event: 14.513 Thread 0x000002d89a20b000 DEOPT UNPACKING pc=0x000002d883a283af sp=0x000000f322af7bd8 mode 2
Event: 14.514 Thread 0x000002d89a20b000 Uncommon trap: trap_request=0xffffff4d fr.pc=0x000002d88b6a6a2c relative=0x00000000000057ac
Event: 14.514 Thread 0x000002d89a20b000 Uncommon trap: reason=unstable_if action=reinterpret pc=0x000002d88b6a6a2c method=org.objectweb.asm.Frame.execute(IILorg/objectweb/asm/Symbol;Lorg/objectweb/asm/SymbolTable;)V @ 1 c2
Event: 14.514 Thread 0x000002d89a20b000 DEOPT PACKING pc=0x000002d88b6a6a2c sp=0x000000f322af7e70
Event: 14.514 Thread 0x000002d89a20b000 DEOPT UNPACKING pc=0x000002d883a283af sp=0x000000f322af7e18 mode 2
Event: 14.536 Thread 0x000002d89a20b000 Uncommon trap: trap_request=0xffffff45 fr.pc=0x000002d88b61046c relative=0x000000000000020c
Event: 14.536 Thread 0x000002d89a20b000 Uncommon trap: reason=unstable_fused_if action=reinterpret pc=0x000002d88b61046c method=org.objectweb.asm.ByteVector.putUTF8(Ljava/lang/String;)Lorg/objectweb/asm/ByteVector; @ 93 c2
Event: 14.536 Thread 0x000002d89a20b000 DEOPT PACKING pc=0x000002d88b61046c sp=0x000000f322af7fb0
Event: 14.536 Thread 0x000002d89a20b000 DEOPT UNPACKING pc=0x000002d883a283af sp=0x000000f322af7f30 mode 2
Event: 15.033 Thread 0x000002d8ff541800 Uncommon trap: trap_request=0xffffffde fr.pc=0x000002d88b70ef6c relative=0x000000000000052c
Event: 15.033 Thread 0x000002d8ff541800 Uncommon trap: reason=class_check action=maybe_recompile pc=0x000002d88b70ef6c method=jdk.internal.ref.PhantomCleanable.clean()V @ 12 c2
Event: 15.033 Thread 0x000002d8ff541800 DEOPT PACKING pc=0x000002d88b70ef6c sp=0x000000f3221fefe0
Event: 15.033 Thread 0x000002d8ff541800 DEOPT UNPACKING pc=0x000002d883a283af sp=0x000000f3221fefc0 mode 2
Event: 15.267 Thread 0x000002d89a20b000 Uncommon trap: trap_request=0xffffffde fr.pc=0x000002d88b7f3048 relative=0x0000000000001448
Event: 15.267 Thread 0x000002d89a20b000 Uncommon trap: reason=class_check action=maybe_recompile pc=0x000002d88b7f3048 method=jdk.internal.loader.BuiltinClassLoader.loadClassOrNull(Ljava/lang/String;Z)Ljava/lang/Class; @ 86 c2
Event: 15.267 Thread 0x000002d89a20b000 DEOPT PACKING pc=0x000002d88b7f3048 sp=0x000000f322af5f50
Event: 15.267 Thread 0x000002d89a20b000 DEOPT UNPACKING pc=0x000002d883a283af sp=0x000000f322af5f08 mode 2

Classes redefined (0 events):
No events

Internal exceptions (20 events):
Event: 14.211 Thread 0x000002d89a20b000 Exception <a 'java/lang/ClassNotFoundException'{0x000000008a6324e8}: org/gradle/api/internal/ConventionTaskBeanInfo> (0x000000008a6324e8) thrown at [./src/hotspot/share/classfile/systemDictionary.cpp, line 231]
Event: 14.211 Thread 0x000002d89a20b000 Exception <a 'java/lang/ClassNotFoundException'{0x000000008a65be98}: org/gradle/api/DefaultTaskBeanInfo> (0x000000008a65be98) thrown at [./src/hotspot/share/classfile/systemDictionary.cpp, line 231]
Event: 14.212 Thread 0x000002d89a20b000 Exception <a 'java/lang/ClassNotFoundException'{0x000000008a689a80}: org/gradle/api/internal/AbstractTaskBeanInfo> (0x000000008a689a80) thrown at [./src/hotspot/share/classfile/systemDictionary.cpp, line 231]
Event: 14.213 Thread 0x000002d89a20b000 Exception <a 'java/lang/ClassNotFoundException'{0x000000008a6b78e8}: org/gradle/api/internal/AbstractTaskCustomizer> (0x000000008a6b78e8) thrown at [./src/hotspot/share/classfile/systemDictionary.cpp, line 231]
Event: 14.214 Thread 0x000002d89a20b000 Exception <a 'java/lang/ClassNotFoundException'{0x000000008a52b008}: org/gradle/api/DefaultTaskCustomizer> (0x000000008a52b008) thrown at [./src/hotspot/share/classfile/systemDictionary.cpp, line 231]
Event: 14.216 Thread 0x000002d89a20b000 Exception <a 'java/lang/ClassNotFoundException'{0x000000008a5acd00}: org/gradle/api/internal/ConventionTaskCustomizer> (0x000000008a5acd00) thrown at [./src/hotspot/share/classfile/systemDictionary.cpp, line 231]
Event: 14.217 Thread 0x000002d89a20b000 Exception <a 'java/lang/ClassNotFoundException'{0x000000008a5e54a8}: org/gradle/api/tasks/DeleteCustomizer> (0x000000008a5e54a8) thrown at [./src/hotspot/share/classfile/systemDictionary.cpp, line 231]
Event: 14.218 Thread 0x000002d89a20b000 Exception <a 'java/lang/ClassNotFoundException'{0x000000008a4248f0}: org/gradle/api/tasks/Delete_DecoratedCustomizer> (0x000000008a4248f0) thrown at [./src/hotspot/share/classfile/systemDictionary.cpp, line 231]
Event: 14.333 Thread 0x000002d89bf87000 Exception <a 'sun/nio/fs/WindowsException'{0x0000000089684ab0}> (0x0000000089684ab0) thrown at [./src/hotspot/share/prims/jni.cpp, line 615]
Event: 14.336 Thread 0x000002d89bf87000 Exception <a 'sun/nio/fs/WindowsException'{0x00000000896d8dd0}> (0x00000000896d8dd0) thrown at [./src/hotspot/share/prims/jni.cpp, line 615]
Event: 14.337 Thread 0x000002d89bf87000 Exception <a 'sun/nio/fs/WindowsException'{0x00000000896d8f48}> (0x00000000896d8f48) thrown at [./src/hotspot/share/prims/jni.cpp, line 615]
Event: 14.360 Thread 0x000002d89a20b000 Exception <a 'java/lang/ClassNotFoundException'{0x000000008950ad58}: build_yt1t3hpt4t8fo1sfh6as3boxBeanInfo> (0x000000008950ad58) thrown at [./src/hotspot/share/classfile/systemDictionary.cpp, line 231]
Event: 14.360 Thread 0x000002d89a20b000 Exception <a 'java/lang/ClassNotFoundException'{0x0000000089515cf0}: build_yt1t3hpt4t8fo1sfh6as3boxCustomizer> (0x0000000089515cf0) thrown at [./src/hotspot/share/classfile/systemDictionary.cpp, line 231]
Event: 14.503 Thread 0x000002d89a20b000 Exception <a 'java/lang/NoSuchMethodError'{0x0000000088a2c7f0}: 'java.lang.Object java.lang.invoke.DirectMethodHandle$Holder.invokeStatic(java.lang.Object, java.lang.Object, java.lang.Object, java.lang.Object, int)'> (0x0000000088a2c7f0) thrown at [./src/hotspot/share/interpreter/linkResolver.cpp, line 773]
Event: 14.503 Thread 0x000002d89a20b000 Exception <a 'java/lang/NoSuchMethodError'{0x0000000088a311e8}: 'java.lang.Object java.lang.invoke.DirectMethodHandle$Holder.invokeSpecial(java.lang.Object, java.lang.Object, java.lang.Object, java.lang.Object, java.lang.Object, int)'> (0x0000000088a311e8) thrown at [./src/hotspot/share/interpreter/linkResolver.cpp, line 773]
Event: 14.503 Thread 0x000002d89a20b000 Exception <a 'java/lang/NoSuchMethodError'{0x0000000088a35828}: 'java.lang.Object java.lang.invoke.Invokers$Holder.linkToTargetMethod(java.lang.Object, java.lang.Object, java.lang.Object, int, java.lang.Object)'> (0x0000000088a35828) thrown at [./src/hotspot/share/interpreter/linkResolver.cpp, line 773]
Event: 14.709 Thread 0x000002d89a20b000 Exception <a 'java/lang/NoSuchMethodError'{0x0000000087b32aa8}: 'java.lang.Object java.lang.invoke.DirectMethodHandle$Holder.invokeSpecial(java.lang.Object, java.lang.Object, int, int, java.lang.Object, java.lang.Object, java.lang.Object)'> (0x0000000087b32aa8) thrown at [./src/hotspot/share/interpreter/linkResolver.cpp, line 773]
Event: 14.709 Thread 0x000002d89a20b000 Exception <a 'java/lang/NoSuchMethodError'{0x0000000087b37028}: 'java.lang.Object java.lang.invoke.DelegatingMethodHandle$Holder.reinvoke_L(java.lang.Object, int, int, java.lang.Object, java.lang.Object, java.lang.Object)'> (0x0000000087b37028) thrown at [./src/hotspot/share/interpreter/linkResolver.cpp, line 773]
Event: 14.961 Thread 0x000002d89a20b000 Exception <a 'java/lang/NoSuchMethodError'{0x0000000086fa6978}: 'int java.lang.invoke.DirectMethodHandle$Holder.invokeInterface(java.lang.Object, java.lang.Object, java.lang.Object, java.lang.Object)'> (0x0000000086fa6978) thrown at [./src/hotspot/share/interpreter/linkResolver.cpp, line 773]
Event: 15.303 Thread 0x000002d89a20b000 Exception <a 'java/lang/NoSuchMethodError'{0x000000008a1f0d58}: 'void java.lang.invoke.DirectMethodHandle$Holder.invokeInterface(java.lang.Object, java.lang.Object, java.lang.Object, java.lang.Object)'> (0x000000008a1f0d58) thrown at [./src/hotspot/share/interpreter/linkResolver.cpp, line 773]

Events (20 events):
Event: 15.361 loading class org/gradle/api/artifacts/Configuration
Event: 15.361 loading class org/gradle/api/artifacts/Configuration done
Event: 15.362 loading class org/gradle/api/Task
Event: 15.362 loading class org/gradle/api/Task done
Event: 15.362 loading class org/gradle/api/Task
Event: 15.362 loading class org/gradle/api/Task done
Event: 15.362 loading class org/gradle/api/Action
Event: 15.362 loading class org/gradle/api/Action done
Event: 15.362 loading class org/gradle/api/plugins/JvmEcosystemPlugin
Event: 15.362 loading class org/gradle/api/plugins/JvmEcosystemPlugin done
Event: 15.364 loading class org/gradle/api/internal/tasks/DefaultSourceSetContainer
Event: 15.364 loading class org/gradle/api/internal/tasks/DefaultSourceSetContainer done
Event: 15.369 loading class org/gradle/api/internal/tasks/DefaultSourceSetContainer$1
Event: 15.369 loading class org/gradle/api/internal/tasks/DefaultSourceSetContainer$1 done
Event: 15.370 loading class org/gradle/api/internal/artifacts/type/DefaultArtifactTypeContainer
Event: 15.370 loading class org/gradle/api/internal/artifacts/type/DefaultArtifactTypeContainer done
Event: 15.371 loading class org/gradle/api/artifacts/type/ArtifactTypeDefinition
Event: 15.371 loading class org/gradle/api/artifacts/type/ArtifactTypeDefinition done
Event: 15.375 loading class org/gradle/api/internal/artifacts/type/DefaultArtifactTypeContainer$DefaultArtifactTypeDefinition
Event: 15.375 loading class org/gradle/api/internal/artifacts/type/DefaultArtifactTypeContainer$DefaultArtifactTypeDefinition done


Dynamic libraries:
0x00007ff6ea7c0000 - 0x00007ff6ea7ca000 	D:\Andorid\jre\bin\java.exe
0x00007ffcaf300000 - 0x00007ffcaf509000 	C:\WINDOWS\SYSTEM32\ntdll.dll
0x00007ffcae420000 - 0x00007ffcae4dd000 	C:\WINDOWS\System32\KERNEL32.DLL
0x00007ffcac9b0000 - 0x00007ffcacd24000 	C:\WINDOWS\System32\KERNELBASE.dll
0x00007ffcacd30000 - 0x00007ffcace41000 	C:\WINDOWS\System32\ucrtbase.dll
0x00007ffc90580000 - 0x00007ffc90597000 	D:\Andorid\jre\bin\VCRUNTIME140.dll
0x00007ffc91cb0000 - 0x00007ffc91cc9000 	D:\Andorid\jre\bin\jli.dll
0x00007ffcadfc0000 - 0x00007ffcae16c000 	C:\WINDOWS\System32\USER32.dll
0x00007ffcac910000 - 0x00007ffcac936000 	C:\WINDOWS\System32\win32u.dll
0x00007ffc87580000 - 0x00007ffc87825000 	C:\WINDOWS\WinSxS\amd64_microsoft.windows.common-controls_6595b64144ccf1df_6.0.22000.120_none_9d947278b86cc467\COMCTL32.dll
0x00007ffcae5f0000 - 0x00007ffcae619000 	C:\WINDOWS\System32\GDI32.dll
0x00007ffcaf160000 - 0x00007ffcaf203000 	C:\WINDOWS\System32\msvcrt.dll
0x00007ffcace50000 - 0x00007ffcacf62000 	C:\WINDOWS\System32\gdi32full.dll
0x00007ffcac870000 - 0x00007ffcac90d000 	C:\WINDOWS\System32\msvcp_win.dll
0x00007ffcadaf0000 - 0x00007ffcadb21000 	C:\WINDOWS\System32\IMM32.DLL
0x00007ffc47950000 - 0x00007ffc479ed000 	D:\Andorid\jre\bin\msvcp140.dll
0x00007ffc8eb60000 - 0x00007ffc8f635000 	D:\Andorid\jre\bin\server\jvm.dll
0x00007ffcadb40000 - 0x00007ffcadbee000 	C:\WINDOWS\System32\ADVAPI32.dll
0x00007ffcad210000 - 0x00007ffcad2ae000 	C:\WINDOWS\System32\sechost.dll
0x00007ffcaddf0000 - 0x00007ffcadf10000 	C:\WINDOWS\System32\RPCRT4.dll
0x00007ffcadae0000 - 0x00007ffcadae8000 	C:\WINDOWS\System32\PSAPI.DLL
0x00007ffca0fd0000 - 0x00007ffca1003000 	C:\WINDOWS\SYSTEM32\WINMM.dll
0x00007ffc9c100000 - 0x00007ffc9c10a000 	C:\WINDOWS\SYSTEM32\VERSION.dll
0x00007ffca4790000 - 0x00007ffca4799000 	C:\WINDOWS\SYSTEM32\WSOCK32.dll
0x00007ffcada70000 - 0x00007ffcadadf000 	C:\WINDOWS\System32\WS2_32.dll
0x00007ffcab9e0000 - 0x00007ffcab9f8000 	C:\WINDOWS\SYSTEM32\kernel.appcore.dll
0x00007ffca1670000 - 0x00007ffca1681000 	D:\Andorid\jre\bin\verify.dll
0x00007ffcaa480000 - 0x00007ffcaa6a1000 	C:\WINDOWS\SYSTEM32\DBGHELP.DLL
0x00007ffc61ab0000 - 0x00007ffc61ae1000 	C:\WINDOWS\SYSTEM32\dbgcore.DLL
0x00007ffcac7f0000 - 0x00007ffcac86f000 	C:\WINDOWS\System32\bcryptPrimitives.dll
0x00007ffc95590000 - 0x00007ffc955b9000 	D:\Andorid\jre\bin\java.dll
0x00007ffca47e0000 - 0x00007ffca47eb000 	D:\Andorid\jre\bin\jimage.dll
0x00007ffc95540000 - 0x00007ffc95558000 	D:\Andorid\jre\bin\zip.dll
0x00007ffcad2b0000 - 0x00007ffcada5f000 	C:\WINDOWS\System32\SHELL32.dll
0x00007ffcaa920000 - 0x00007ffcab188000 	C:\WINDOWS\SYSTEM32\windows.storage.dll
0x00007ffcaec40000 - 0x00007ffcaefb8000 	C:\WINDOWS\System32\combase.dll
0x00007ffcaa7b0000 - 0x00007ffcaa916000 	C:\WINDOWS\SYSTEM32\wintypes.dll
0x00007ffcae330000 - 0x00007ffcae41a000 	C:\WINDOWS\System32\SHCORE.dll
0x00007ffcaea90000 - 0x00007ffcaeaed000 	C:\WINDOWS\System32\shlwapi.dll
0x00007ffcac720000 - 0x00007ffcac741000 	C:\WINDOWS\SYSTEM32\profapi.dll
0x00007ffc95250000 - 0x00007ffc9526a000 	D:\Andorid\jre\bin\net.dll
0x00007ffca1b50000 - 0x00007ffca1c5c000 	C:\WINDOWS\SYSTEM32\WINHTTP.dll
0x00007ffcabe10000 - 0x00007ffcabe77000 	C:\WINDOWS\system32\mswsock.dll
0x00007ffc938a0000 - 0x00007ffc938b4000 	D:\Andorid\jre\bin\nio.dll
0x00007ffc91fd0000 - 0x00007ffc91ff7000 	C:\Users\dohoa\.gradle\native\e1d6ef7f7dcc3fd88c89a11ec53ec762bb8ba0a96d01ffa2cd45eb1d1d8dd5c5\windows-amd64\native-platform.dll
0x00007ffc38230000 - 0x00007ffc38374000 	C:\Users\dohoa\.gradle\native\5664cfc778a61ccfe75a443a1ab52a65af34e5dc3c78e0209fed803814484fcb\windows-amd64\native-platform-file-events.dll
0x00007ffca4780000 - 0x00007ffca478a000 	D:\Andorid\jre\bin\management.dll
0x00007ffca1660000 - 0x00007ffca166d000 	D:\Andorid\jre\bin\management_ext.dll
0x00007ffcac050000 - 0x00007ffcac068000 	C:\WINDOWS\SYSTEM32\CRYPTSP.dll
0x00007ffcab8f0000 - 0x00007ffcab925000 	C:\WINDOWS\system32\rsaenh.dll
0x00007ffcabf00000 - 0x00007ffcabf29000 	C:\WINDOWS\SYSTEM32\USERENV.dll
0x00007ffcac1d0000 - 0x00007ffcac1f7000 	C:\WINDOWS\SYSTEM32\bcrypt.dll
0x00007ffcac070000 - 0x00007ffcac07c000 	C:\WINDOWS\SYSTEM32\CRYPTBASE.dll
0x00007ffcab450000 - 0x00007ffcab47d000 	C:\WINDOWS\SYSTEM32\IPHLPAPI.DLL
0x00007ffcada60000 - 0x00007ffcada69000 	C:\WINDOWS\System32\NSI.dll
0x00007ffc9ca10000 - 0x00007ffc9ca29000 	C:\WINDOWS\SYSTEM32\dhcpcsvc6.DLL
0x00007ffc9f700000 - 0x00007ffc9f71e000 	C:\WINDOWS\SYSTEM32\dhcpcsvc.DLL
0x00007ffcab480000 - 0x00007ffcab568000 	C:\WINDOWS\SYSTEM32\DNSAPI.dll

dbghelp: loaded successfully - version: 4.0.5 - missing functions: none
symbol engine: initialized successfully - sym options: 0x614 - pdb path: .;D:\Andorid\jre\bin;C:\WINDOWS\SYSTEM32;C:\WINDOWS\WinSxS\amd64_microsoft.windows.common-controls_6595b64144ccf1df_6.0.22000.120_none_9d947278b86cc467;D:\Andorid\jre\bin\server;C:\Users\dohoa\.gradle\native\e1d6ef7f7dcc3fd88c89a11ec53ec762bb8ba0a96d01ffa2cd45eb1d1d8dd5c5\windows-amd64;C:\Users\dohoa\.gradle\native\5664cfc778a61ccfe75a443a1ab52a65af34e5dc3c78e0209fed803814484fcb\windows-amd64

VM Arguments:
jvm_args: --add-opens=java.base/java.util=ALL-UNNAMED --add-opens=java.base/java.lang=ALL-UNNAMED --add-opens=java.base/java.lang.invoke=ALL-UNNAMED --add-opens=java.base/java.util=ALL-UNNAMED --add-opens=java.prefs/java.util.prefs=ALL-UNNAMED --add-opens=java.prefs/java.util.prefs=ALL-UNNAMED --add-opens=java.base/java.nio.charset=ALL-UNNAMED --add-opens=java.base/java.net=ALL-UNNAMED --add-opens=java.base/java.util.concurrent.atomic=ALL-UNNAMED -Xmx2048m -Dfile.encoding=UTF-8 -Duser.country=US -Duser.language=en -Duser.variant 
java_command: org.gradle.launcher.daemon.bootstrap.GradleDaemon 7.2
java_class_path (initial): C:\Users\dohoa\.gradle\wrapper\dists\gradle-7.2-bin\2dnblmf4td7x66yl1d74lt32g\gradle-7.2\lib\gradle-launcher-7.2.jar
Launcher Type: SUN_STANDARD

[Global flags]
     intx CICompilerCount                          = 3                                         {product} {ergonomic}
     uint ConcGCThreads                            = 1                                         {product} {ergonomic}
     uint G1ConcRefinementThreads                  = 4                                         {product} {ergonomic}
   size_t G1HeapRegionSize                         = 1048576                                   {product} {ergonomic}
    uintx GCDrainStackTargetSize                   = 64                                        {product} {ergonomic}
   size_t InitialHeapSize                          = 130023424                                 {product} {ergonomic}
   size_t MarkStackSize                            = 4194304                                   {product} {ergonomic}
   size_t MaxHeapSize                              = 2147483648                                {product} {command line}
   size_t MaxNewSize                               = 1287651328                                {product} {ergonomic}
   size_t MinHeapDeltaBytes                        = 1048576                                   {product} {ergonomic}
    uintx NonNMethodCodeHeapSize                   = 5830732                                {pd product} {ergonomic}
    uintx NonProfiledCodeHeapSize                  = 122913754                              {pd product} {ergonomic}
    uintx ProfiledCodeHeapSize                     = 122913754                              {pd product} {ergonomic}
    uintx ReservedCodeCacheSize                    = 251658240                              {pd product} {ergonomic}
     bool SegmentedCodeCache                       = true                                      {product} {ergonomic}
     bool UseCompressedClassPointers               = true                                 {lp64_product} {ergonomic}
     bool UseCompressedOops                        = true                                 {lp64_product} {ergonomic}
     bool UseG1GC                                  = true                                      {product} {ergonomic}
     bool UseLargePagesIndividualAllocation        = false                                  {pd product} {ergonomic}

Logging:
Log output configuration:
 #0: stdout all=warning uptime,level,tags
 #1: stderr all=off uptime,level,tags

Environment Variables:
PATH=C:\Program Files (x86)\Common Files\Oracle\Java\javapath;C:\Program Files\Microsoft MPI\Bin\;C:\WINDOWS\system32;C:\WINDOWS;C:\WINDOWS\System32\Wbem;C:\WINDOWS\System32\WindowsPowerShell\v1.0\;C:\WINDOWS\System32\OpenSSH\;C:\Program Files\Microsoft\Web Platform Installer\;C:\Program Files (x86)\Microsoft ASP.NET\ASP.NET Web Pages\v1.0\;C:\Program Files\Microsoft SQL Server\Client SDK\ODBC\130\Tools\Binn\;C:\Program Files (x86)\Microsoft SQL Server\130\Tools\Binn\;C:\Program Files\Microsoft SQL Server\130\Tools\Binn\;C:\Program Files\Microsoft SQL Server\130\DTS\Binn\;C:\Program Files\Microsoft SQL Server\Client SDK\ODBC\170\Tools\Binn\;C:\Program Files (x86)\Microsoft SQL Server\150\Tools\Binn\;C:\Program Files\Microsoft SQL Server\150\Tools\Binn\;C:\Program Files\Microsoft SQL Server\150\DTS\Binn\;C:\Program Files (x86)\Microsoft SQL Server\150\DTS\Binn\;C:\Program Files (x86)\Microsoft SQL Server\130\DTS\Binn\;C:\Program Files\dotnet\;C:\Users\dohoa\AppData\Local\Microsoft\WindowsApps;C:\Program Files\Azure Data Studio\bin;C:\Users\dohoa\AppData\Local\GitHubDesktop\bin;D:\code\IntelliJ IDEA 2022.1\bin;
USERNAME=dohoa
OS=Windows_NT
PROCESSOR_IDENTIFIER=Intel64 Family 6 Model 140 Stepping 1, GenuineIntel



---------------  S Y S T E M  ---------------

OS: Windows 10 , 64 bit Build 22000 (10.0.22000.613)
OS uptime: 0 days 3:22 hours

CPU:total 4 (initial active 4) (2 cores per cpu, 2 threads per core) family 6 model 140 stepping 1 microcode 0x86, cmov, cx8, fxsr, mmx, sse, sse2, sse3, ssse3, sse4.1, sse4.2, popcnt, avx, avx2, aes, clmul, erms, 3dnowpref, lzcnt, ht, tsc, tscinvbit, bmi1, bmi2, adx, evex, sha, fma

Memory: 4k page, system-wide physical 7914M (318M free)
TotalPageFile size 15355M (AvailPageFile size 5M)
current process WorkingSet (physical memory assigned to process): 370M, peak: 372M
current process commit charge ("private bytes"): 407M, peak: 408M

vm_info: OpenJDK 64-Bit Server VM (11.0.11+9-b60-7590822) for windows-amd64 JRE (11.0.11+9-b60-7590822), built on Jul 29 2021 21:43:44 by "builder" with MS VC++ 14.0 (VS2015)

END.
